TN:
SF:src\use-cases\submitFeedback-use-case.ts
FN:18,execute
FN:13,SubmitFeedbackUseCase
FNF:2
FNH:2
FNDA:4,execute
FNDA:4,SubmitFeedbackUseCase
DA:1,1
DA:2,1
DA:3,1
DA:4,1
DA:5,1
DA:6,1
DA:7,1
DA:8,1
DA:9,1
DA:10,1
DA:11,1
DA:12,1
DA:13,1
DA:14,4
DA:15,4
DA:16,4
DA:17,1
DA:18,1
DA:19,4
DA:20,4
DA:21,4
DA:22,4
DA:23,1
DA:24,1
DA:25,4
DA:26,1
DA:27,1
DA:28,2
DA:29,4
DA:30,1
DA:31,1
DA:32,1
DA:33,1
DA:34,1
DA:35,1
DA:36,1
DA:37,1
DA:38,1
DA:39,1
DA:40,1
DA:41,1
DA:42,1
DA:43,1
DA:44,1
LF:44
LH:44
BRDA:18,0,0,4
BRDA:22,1,0,1
BRDA:25,2,0,3
BRDA:25,3,0,1
BRDA:28,4,0,2
BRDA:29,5,0,1
BRDA:13,6,0,4
BRF:7
BRH:7
end_of_record
